2025.02.26 23:22:42 INFO  ce[][o.s.p.ProcessEntryPoint] Starting Compute Engine
2025.02.26 23:22:42 INFO  ce[][o.s.ce.app.CeServer] Compute Engine starting up...
2025.02.26 23:22:43 INFO  ce[][o.sonar.db.Database] Create JDBC data source for jdbc:h2:tcp://127.0.0.1:9092/sonar;NON_KEYWORDS=VALUE
2025.02.26 23:22:43 INFO  ce[][c.z.h.HikariDataSource] HikariPool-1 - Starting...
2025.02.26 23:22:44 INFO  ce[][c.z.h.p.HikariPool] HikariPool-1 - Added connection conn0: url=jdbc:h2:tcp://127.0.0.1:9092/sonar user=
2025.02.26 23:22:44 INFO  ce[][c.z.h.HikariDataSource] HikariPool-1 - Start completed.
2025.02.26 23:22:44 WARN  ce[][o.s.db.dialect.H2] H2 database should be used for evaluation purpose only.
2025.02.26 23:22:46 INFO  ce[][o.s.s.p.ServerFileSystemImpl] SonarQube home: /opt/sonarqube
2025.02.26 23:22:46 INFO  ce[][o.s.c.c.CePluginRepository] Load plugins
2025.02.26 23:22:49 INFO  ce[][o.s.c.c.ComputeEngineContainerImpl] Running Community edition
2025.02.26 23:22:49 INFO  ce[][o.s.ce.app.CeServer] Compute Engine is started
2025.02.26 23:44:33 INFO  ce[][o.s.p.ProcessEntryPoint] Gracefully stopping process
2025.02.26 23:44:34 INFO  ce[][o.s.ce.app.CeServer] Compute Engine is stopping...
2025.02.26 23:44:34 INFO  ce[][o.s.c.t.CeProcessingSchedulerImpl] Gracefully stopping workers...
2025.02.26 23:44:34 INFO  ce[][c.z.h.HikariDataSource] HikariPool-1 - Shutdown initiated...
2025.02.26 23:44:34 INFO  ce[][c.z.h.HikariDataSource] HikariPool-1 - Shutdown completed.
2025.02.26 23:44:34 INFO  ce[][o.s.ce.app.CeServer] Compute Engine is stopped
2025.02.26 23:45:49 INFO  ce[][o.s.p.ProcessEntryPoint] Starting Compute Engine
2025.02.26 23:45:49 INFO  ce[][o.s.ce.app.CeServer] Compute Engine starting up...
2025.02.26 23:45:49 INFO  ce[][o.sonar.db.Database] Create JDBC data source for jdbc:h2:tcp://127.0.0.1:9092/sonar;NON_KEYWORDS=VALUE
2025.02.26 23:45:49 INFO  ce[][c.z.h.HikariDataSource] HikariPool-1 - Starting...
2025.02.26 23:45:49 INFO  ce[][c.z.h.p.HikariPool] HikariPool-1 - Added connection conn0: url=jdbc:h2:tcp://127.0.0.1:9092/sonar user=
2025.02.26 23:45:49 INFO  ce[][c.z.h.HikariDataSource] HikariPool-1 - Start completed.
2025.02.26 23:45:49 WARN  ce[][o.s.db.dialect.H2] H2 database should be used for evaluation purpose only.
2025.02.26 23:45:51 INFO  ce[][o.s.s.p.ServerFileSystemImpl] SonarQube home: /opt/sonarqube
2025.02.26 23:45:51 INFO  ce[][o.s.c.c.CePluginRepository] Load plugins
2025.02.26 23:45:53 INFO  ce[][o.s.c.c.ComputeEngineContainerImpl] Running Community edition
2025.02.26 23:45:53 INFO  ce[][o.s.ce.app.CeServer] Compute Engine is started
2025.02.26 23:51:59 INFO  ce[][o.s.p.ProcessEntryPoint] Starting Compute Engine
2025.02.26 23:51:59 INFO  ce[][o.s.ce.app.CeServer] Compute Engine starting up...
2025.02.26 23:51:59 INFO  ce[][o.sonar.db.Database] Create JDBC data source for jdbc:h2:tcp://127.0.0.1:9092/sonar;NON_KEYWORDS=VALUE
2025.02.26 23:51:59 INFO  ce[][c.z.h.HikariDataSource] HikariPool-1 - Starting...
2025.02.26 23:51:59 INFO  ce[][c.z.h.p.HikariPool] HikariPool-1 - Added connection conn0: url=jdbc:h2:tcp://127.0.0.1:9092/sonar user=
2025.02.26 23:51:59 INFO  ce[][c.z.h.HikariDataSource] HikariPool-1 - Start completed.
2025.02.26 23:51:59 WARN  ce[][o.s.db.dialect.H2] H2 database should be used for evaluation purpose only.
2025.02.26 23:52:00 INFO  ce[][o.s.s.p.ServerFileSystemImpl] SonarQube home: /opt/sonarqube
2025.02.26 23:52:00 INFO  ce[][o.s.c.c.CePluginRepository] Load plugins
2025.02.26 23:52:01 INFO  ce[][o.s.c.c.ComputeEngineContainerImpl] Running Community edition
2025.02.26 23:52:01 INFO  ce[][o.s.ce.app.CeServer] Compute Engine is started
